<?xml version="1.0" encoding="UTF-8"?>
<!-- Generated by org.testng.reporters.JUnitReportReporter -->
<testsuite hostname="Aravinda" failures="0" tests="2" name="com.synechron.selenium.basics.testng.TestNGAllAnnotations" time="0.006" errors="0" timestamp="2024-12-13T12:38:56 IST" skipped="0">
  <testcase classname="com.synechron.selenium.basics.testng.TestNGAllAnnotations" name="test2" time="0.003"/>
  <testcase classname="com.synechron.selenium.basics.testng.TestNGAllAnnotations" name="test1" time="0.003"/>
</testsuite> <!-- com.synechron.selenium.basics.testng.TestNGAllAnnotations -->
