<?xml version="1.0" encoding="UTF-8"?>
<!-- Generated by org.testng.reporters.JUnitReportReporter -->
<testsuite hostname="Aravinda" failures="0" tests="9" name="com.synechron.selenium.basics.testng.TestNGAllAnnotations" time="0.018" errors="0" timestamp="2024-12-13T13:15:16 IST" skipped="0">
  <testcase classname="com.synechron.selenium.basics.testng.TestNGAllAnnotations" name="test2" time="0.004"/>
  <testcase classname="com.synechron.selenium.basics.testng.TestNGAllAnnotations" name="test2" time="0.002"/>
  <testcase classname="com.synechron.selenium.basics.testng.TestNGAllAnnotations" name="test2" time="0.004"/>
  <testcase classname="com.synechron.selenium.basics.testng.TestNGAllAnnotations" name="test2" time="0.003"/>
  <testcase classname="com.synechron.selenium.basics.testng.TestNGAllAnnotations" name="test1" time="0.001"/>
  <testcase classname="com.synechron.selenium.basics.testng.TestNGAllAnnotations" name="test2" time="0.001"/>
  <testcase classname="com.synechron.selenium.basics.testng.TestNGAllAnnotations" name="test2" time="0.001"/>
  <testcase classname="com.synechron.selenium.basics.testng.TestNGAllAnnotations" name="test2" time="0.001"/>
  <testcase classname="com.synechron.selenium.basics.testng.TestNGAllAnnotations" name="test2" time="0.001"/>
</testsuite> <!-- com.synechron.selenium.basics.testng.TestNGAllAnnotations -->
