<?xml version="1.0" encoding="UTF-8"?>
<!-- Generated by org.testng.reporters.JUnitReportReporter -->
<testsuite hostname="Aravinda" failures="0" tests="1" name="com.synechron.selenium.basics.testng.HelloWorldTestNG" time="0.002" errors="0" timestamp="2024-12-13T13:15:16 IST" skipped="0">
  <testcase classname="com.synechron.selenium.basics.testng.HelloWorldTestNG" name="testHelloWorld" time="0.002"/>
</testsuite> <!-- com.synechron.selenium.basics.testng.HelloWorldTestNG -->
