<?xml version="1.0" encoding="UTF-8"?>
<!-- Generated by org.testng.reporters.JUnitReportReporter -->
<testsuite hostname="Aravinda" failures="0" tests="2" name="com.synechron.selenium.basics.dropdown.NonSelectTagDemo" time="17.746" errors="0" timestamp="2024-12-13T13:15:16 IST" skipped="0">
  <testcase classname="com.synechron.selenium.basics.dropdown.NonSelectTagDemo" name="dropDowntest" time="7.390"/>
  <testcase classname="com.synechron.selenium.basics.dropdown.NonSelectTagDemo" name="dropDownUsingSelect" time="10.356"/>
</testsuite> <!-- com.synechron.selenium.basics.dropdown.NonSelectTagDemo -->
